[2026-02-18 22:25:28] [INFO] ========================================
[2026-02-18 22:25:28] [INFO] Iniciando build - Target: all
[2026-02-18 22:25:28] [INFO] ========================================
[2026-02-18 22:25:28] [INFO] Validando via Kernel Agent: C:\runner-ecosystem\agent-kernel
[2026-02-18 22:25:28] [INFO] Kernel validation OK para: agent-kernel
[2026-02-18 22:25:28] [INFO] Empacotando modulos de: C:\runner-ecosystem\agent-kernel
[2026-02-18 22:25:29] [DEBUG] Fonte copiado para: C:\runner-ecosystem\runner-system\build\artifacts\artifacts\kernel\src
[2026-02-18 22:25:29] [DEBUG] Testes copiados para: C:\runner-ecosystem\runner-system\build\artifacts\artifacts\kernel\tests
[2026-02-18 22:25:29] [INFO] Empacotamento concluido para: C:\runner-ecosystem\runner-system\build\artifacts\artifacts\kernel
[2026-02-18 22:25:29] [INFO] Executando testes para: C:\runner-ecosystem\agent-kernel
[2026-02-18 22:25:33] [INFO] Testes passaram com sucesso
[2026-02-18 22:25:33] [INFO] Atualizando status no Governance: kernel -> built
[2026-02-18 22:26:30] [INFO] ========================================
[2026-02-18 22:26:30] [INFO] Iniciando build - Target: all
[2026-02-18 22:26:30] [INFO] ========================================
[2026-02-18 22:26:30] [INFO] Validando via Kernel Agent: C:\runner-ecosystem\agent-kernel
[2026-02-18 22:26:30] [INFO] Kernel validation OK para: agent-kernel
[2026-02-18 22:26:30] [INFO] Empacotando modulos de: C:\runner-ecosystem\agent-kernel
[2026-02-18 22:26:30] [DEBUG] Fonte copiado para: C:\runner-ecosystem\runner-system\build\artifacts\artifacts\kernel\src
[2026-02-18 22:26:30] [DEBUG] Testes copiados para: C:\runner-ecosystem\runner-system\build\artifacts\artifacts\kernel\tests
[2026-02-18 22:26:30] [INFO] Empacotamento concluido para: C:\runner-ecosystem\runner-system\build\artifacts\artifacts\kernel
[2026-02-18 22:26:30] [INFO] Executando testes para: C:\runner-ecosystem\agent-kernel
[2026-02-18 22:26:30] [INFO] Testes passaram com sucesso
[2026-02-18 22:26:31] [INFO] Atualizando status no Governance: kernel -> built
[2026-02-18 22:27:01] [INFO] ========================================
[2026-02-18 22:27:01] [INFO] Iniciando build - Target: all
[2026-02-18 22:27:01] [INFO] ========================================
[2026-02-18 22:27:02] [INFO] Validando via Kernel Agent: C:\runner-ecosystem\agent-kernel
[2026-02-18 22:27:02] [INFO] Kernel validation OK para: agent-kernel
[2026-02-18 22:27:02] [INFO] Empacotando modulos de: C:\runner-ecosystem\agent-kernel
[2026-02-18 22:27:02] [DEBUG] Fonte copiado para: C:\runner-ecosystem\runner-system\build\artifacts\artifacts\kernel\src
[2026-02-18 22:27:02] [DEBUG] Testes copiados para: C:\runner-ecosystem\runner-system\build\artifacts\artifacts\kernel\tests
[2026-02-18 22:27:02] [INFO] Empacotamento concluido para: C:\runner-ecosystem\runner-system\build\artifacts\artifacts\kernel
[2026-02-18 22:27:02] [INFO] Executando testes para: C:\runner-ecosystem\agent-kernel
[2026-02-18 22:27:02] [INFO] Testes passaram com sucesso
[2026-02-18 22:27:02] [INFO] Atualizando status no Governance: kernel -> built
[2026-02-18 22:27:03] [DEBUG] Status atualizado no Governance
[2026-02-18 22:27:03] [INFO] Validando via Kernel Agent: C:\runner-ecosystem\agent-modules
[2026-02-18 22:27:03] [INFO] Kernel validation OK para: agent-modules
[2026-02-18 22:27:03] [INFO] Empacotando modulos de: C:\runner-ecosystem\agent-modules
[2026-02-18 22:27:03] [DEBUG] Fonte copiado para: C:\runner-ecosystem\runner-system\build\artifacts\artifacts\modules\src
[2026-02-18 22:27:03] [DEBUG] Testes copiados para: C:\runner-ecosystem\runner-system\build\artifacts\artifacts\modules\tests
[2026-02-18 22:27:03] [INFO] Empacotamento concluido para: C:\runner-ecosystem\runner-system\build\artifacts\artifacts\modules
[2026-02-18 22:27:03] [INFO] Executando testes para: C:\runner-ecosystem\agent-modules
[2026-02-18 22:27:04] [INFO] Testes passaram com sucesso
[2026-02-18 22:27:04] [INFO] Atualizando status no Governance: modules -> built
[2026-02-18 22:27:04] [DEBUG] Status atualizado no Governance
[2026-02-18 22:27:04] [INFO] Validando via Kernel Agent: C:\runner-ecosystem\agent-observability
[2026-02-18 22:27:04] [INFO] Kernel validation OK para: agent-observability
[2026-02-18 22:27:04] [INFO] Empacotando modulos de: C:\runner-ecosystem\agent-observability
[2026-02-18 22:27:04] [DEBUG] Fonte copiado para: C:\runner-ecosystem\runner-system\build\artifacts\artifacts\observability\src
[2026-02-18 22:27:04] [DEBUG] Testes copiados para: C:\runner-ecosystem\runner-system\build\artifacts\artifacts\observability\tests
[2026-02-18 22:27:04] [INFO] Empacotamento concluido para: C:\runner-ecosystem\runner-system\build\artifacts\artifacts\observability
[2026-02-18 22:27:04] [INFO] Executando testes para: C:\runner-ecosystem\agent-observability
[2026-02-18 22:27:05] [INFO] Testes passaram com sucesso
[2026-02-18 22:27:05] [INFO] Atualizando status no Governance: observability -> built
[2026-02-18 22:27:05] [DEBUG] Status atualizado no Governance
[2026-02-18 22:27:05] [INFO] Validando via Kernel Agent: C:\runner-ecosystem\agent-governance
[2026-02-18 22:27:05] [INFO] Kernel validation OK para: agent-governance
[2026-02-18 22:27:05] [INFO] Empacotando modulos de: C:\runner-ecosystem\agent-governance
[2026-02-18 22:27:05] [DEBUG] Fonte copiado para: C:\runner-ecosystem\runner-system\build\artifacts\artifacts\governance\src
[2026-02-18 22:27:05] [DEBUG] Testes copiados para: C:\runner-ecosystem\runner-system\build\artifacts\artifacts\governance\tests
[2026-02-18 22:27:05] [INFO] Empacotamento concluido para: C:\runner-ecosystem\runner-system\build\artifacts\artifacts\governance
[2026-02-18 22:27:05] [INFO] Executando testes para: C:\runner-ecosystem\agent-governance
[2026-02-18 22:27:06] [INFO] Testes passaram com sucesso
[2026-02-18 22:27:07] [INFO] Atualizando status no Governance: governance -> built
[2026-02-18 22:27:07] [DEBUG] Status atualizado no Governance
[2026-02-18 22:27:14] [INFO] Artefato criado: runner-ecosystem-20260218-222707.zip
[2026-02-18 22:27:14] [INFO] Atualizando status no Governance: build-system -> SUCCESS
[2026-02-18 22:27:14] [DEBUG] Status atualizado no Governance
[2026-02-18 22:27:14] [INFO] Build concluido - Status: SUCCESS, Duracao: 12235.2ms
[2026-02-18 22:35:07] [INFO] ========================================
[2026-02-18 22:35:07] [INFO] Iniciando build - Target: release
[2026-02-18 22:35:07] [INFO] ========================================
[2026-02-18 22:35:07] [ERROR] Validacao falhou: {   "valid": false,   "errors": [     "Missing required file: manifest.json"   ],   "warnings": [] }
[2026-02-18 22:35:07] [ERROR] Build falhou: Module validation failed
[2026-02-18 22:35:30] [INFO] ========================================
[2026-02-18 22:35:30] [INFO] Iniciando build - Target: debug
[2026-02-18 22:35:30] [INFO] ========================================
[2026-02-18 22:35:30] [ERROR] Build falhou: usage: cli.py validate [-h] --path PATH
[2026-02-18 22:36:05] [INFO] ========================================
[2026-02-18 22:36:05] [INFO] Iniciando build - Target: debug
[2026-02-18 22:36:05] [INFO] ========================================
[2026-02-18 22:36:06] [ERROR] Build falhou: {"success": false, "error": "Execution error: Expecting property name enclosed in double quotes: line 2 column 5 (char 7)"}
[2026-02-18 22:36:31] [INFO] ========================================
[2026-02-18 22:36:31] [INFO] Iniciando build - Target: debug
[2026-02-18 22:36:31] [INFO] ========================================
[2026-02-18 22:36:32] [ERROR] Build falhou: C:\runner-ecosystem\agent-observability\cli.py:52: DeprecationWarning: datetime.datetime.utcnow() is deprecated and scheduled for removal in a future version. Use timezone-aware objects to represent datetimes in UTC: datetime.datetime.now(datetime.UTC).
[2026-02-18 22:36:49] [INFO] ========================================
[2026-02-18 22:36:49] [INFO] Iniciando build - Target: debug
[2026-02-18 22:36:49] [INFO] ========================================
[2026-02-18 22:36:50] [INFO] Build concluido - Status: SUCCESS, Target: debug, Duracao: 1429.05ms
